# JRE version: Java(TM) SE Runtime Environment (8.0_221-b11) (build 1.8.0_221-b11)
# Java VM: Java HotSpot(TM) 64-Bit Server VM (25.221-b11 mixed mode windows-amd64 compressed oops)
Heap:
 PSYoungGen      total 302080K, used 92966K [0x00000000d5f80000, 0x00000000e9380000, 0x0000000100000000)
  eden space 288768K, 32% used [0x00000000d5f80000,0x00000000db9f1888,0x00000000e7980000)
  from space 13312K, 2% used [0x00000000e7980000,0x00000000e79d8000,0x00000000e8680000)
  to   space 9728K, 0% used [0x00000000e8a00000,0x00000000e8a00000,0x00000000e9380000)
 ParOldGen       total 202752K, used 65972K [0x0000000081e00000, 0x000000008e400000, 0x00000000d5f80000)
  object space 202752K, 32% used [0x0000000081e00000,0x0000000085e6d348,0x000000008e400000)
 Metaspace       used 45093K, capacity 47326K, committed 47704K, reserved 1089536K
  class space    used 5960K, capacity 6919K, committed 7000K, reserved 1048576K
GC Heap History (10 events):
Event: 48.545 GC heap before
{Heap before GC invocations=22 (full 5):
 PSYoungGen      total 302080K, used 288768K [0x00000000d5f80000, 0x00000000e9380000, 0x0000000100000000)
  eden space 288768K, 100% used [0x00000000d5f80000,0x00000000e7980000,0x00000000e7980000)
  from space 13312K, 0% used [0x00000000e7980000,0x00000000e7980000,0x00000000e8680000)
  to   space 9728K, 0% used [0x00000000e8a00000,0x00000000e8a00000,0x00000000e9380000)
 ParOldGen       total 93696K, used 93651K [0x0000000081e00000, 0x0000000087980000, 0x00000000d5f80000)
  object space 93696K, 99% used [0x0000000081e00000,0x0000000087974e80,0x0000000087980000)
 Metaspace       used 44833K, capacity 47088K, committed 47448K, reserved 1089536K
  class space    used 5949K, capacity 6910K, committed 7000K, reserved 1048576K
Event: 48.613 GC heap after
Heap after GC invocations=22 (full 5):
 PSYoungGen      total 302080K, used 0K [0x00000000d5f80000, 0x00000000e9380000, 0x0000000100000000)
  eden space 288768K, 0% used [0x00000000d5f80000,0x00000000d5f80000,0x00000000e7980000)
  from space 13312K, 0% used [0x00000000e7980000,0x00000000e7980000,0x00000000e8680000)
  to   space 9728K, 0% used [0x00000000e8a00000,0x00000000e8a00000,0x00000000e9380000)
 ParOldGen       total 202752K, used 64870K [0x0000000081e00000, 0x000000008e400000, 0x00000000d5f80000)
  object space 202752K, 31% used [0x0000000081e00000,0x0000000085d59b38,0x000000008e400000)
 Metaspace       used 44833K, capacity 47088K, committed 47448K, reserved 1089536K
  class space    used 5949K, capacity 6910K, committed 7000K, reserved 1048576K
}
Event: 48.672 GC heap before
{Heap before GC invocations=23 (full 5):
 PSYoungGen      total 302080K, used 288768K [0x00000000d5f80000, 0x00000000e9380000, 0x0000000100000000)
  eden space 288768K, 100% used [0x00000000d5f80000,0x00000000e7980000,0x00000000e7980000)
  from space 13312K, 0% used [0x00000000e7980000,0x00000000e7980000,0x00000000e8680000)
  to   space 9728K, 0% used [0x00000000e8a00000,0x00000000e8a00000,0x00000000e9380000)
 ParOldGen       total 202752K, used 64870K [0x0000000081e00000, 0x000000008e400000, 0x00000000d5f80000)
  object space 202752K, 31% used [0x0000000081e00000,0x0000000085d59b38,0x000000008e400000)
 Metaspace       used 44838K, capacity 47088K, committed 47448K, reserved 1089536K
  class space    used 5949K, capacity 6910K, committed 7000K, reserved 1048576K
Event: 48.674 GC heap after
Heap after GC invocations=23 (full 5):
 PSYoungGen      total 298496K, used 640K [0x00000000d5f80000, 0x00000000e9380000, 0x0000000100000000)
  eden space 288768K, 0% used [0x00000000d5f80000,0x00000000d5f80000,0x00000000e7980000)
  from space 9728K, 6% used [0x00000000e8a00000,0x00000000e8aa0000,0x00000000e9380000)
  to   space 13312K, 0% used [0x00000000e7980000,0x00000000e7980000,0x00000000e8680000)
 ParOldGen       total 202752K, used 64870K [0x0000000081e00000, 0x000000008e400000, 0x00000000d5f80000)
  object space 202752K, 31% used [0x0000000081e00000,0x0000000085d59b38,0x000000008e400000)
 Metaspace       used 44838K, capacity 47088K, committed 47448K, reserved 1089536K
  class space    used 5949K, capacity 6910K, committed 7000K, reserved 1048576K
}
Event: 49.530 GC heap before
{Heap before GC invocations=24 (full 5):
 PSYoungGen      total 298496K, used 289408K [0x00000000d5f80000, 0x00000000e9380000, 0x0000000100000000)
  eden space 288768K, 100% used [0x00000000d5f80000,0x00000000e7980000,0x00000000e7980000)
  from space 9728K, 6% used [0x00000000e8a00000,0x00000000e8aa0000,0x00000000e9380000)
  to   space 13312K, 0% used [0x00000000e7980000,0x00000000e7980000,0x00000000e8680000)
 ParOldGen       total 202752K, used 64870K [0x0000000081e00000, 0x000000008e400000, 0x00000000d5f80000)
  object space 202752K, 31% used [0x0000000081e00000,0x0000000085d59b38,0x000000008e400000)
 Metaspace       used 44977K, capacity 47236K, committed 47704K, reserved 1089536K
  class space    used 5956K, capacity 6914K, committed 7000K, reserved 1048576K
Event: 49.533 GC heap after
Heap after GC invocations=24 (full 5):
 PSYoungGen      total 302080K, used 1707K [0x00000000d5f80000, 0x00000000e9380000, 0x0000000100000000)
  eden space 288768K, 0% used [0x00000000d5f80000,0x00000000d5f80000,0x00000000e7980000)
  from space 13312K, 12% used [0x00000000e7980000,0x00000000e7b2add0,0x00000000e8680000)
  to   space 9728K, 0% used [0x00000000e8a00000,0x00000000e8a00000,0x00000000e9380000)
 ParOldGen       total 202752K, used 64894K [0x0000000081e00000, 0x000000008e400000, 0x00000000d5f80000)
  object space 202752K, 32% used [0x0000000081e00000,0x0000000085d5fb38,0x000000008e400000)
 Metaspace       used 44977K, capacity 47236K, committed 47704K, reserved 1089536K
  class space    used 5956K, capacity 6914K, committed 7000K, reserved 1048576K
}
Event: 49.574 GC heap before
{Heap before GC invocations=25 (full 5):
 PSYoungGen      total 302080K, used 290475K [0x00000000d5f80000, 0x00000000e9380000, 0x0000000100000000)
  eden space 288768K, 100% used [0x00000000d5f80000,0x00000000e7980000,0x00000000e7980000)
  from space 13312K, 12% used [0x00000000e7980000,0x00000000e7b2add0,0x00000000e8680000)
  to   space 9728K, 0% used [0x00000000e8a00000,0x00000000e8a00000,0x00000000e9380000)
 ParOldGen       total 202752K, used 64894K [0x0000000081e00000, 0x000000008e400000, 0x00000000d5f80000)
  object space 202752K, 32% used [0x0000000081e00000,0x0000000085d5fb38,0x000000008e400000)
 Metaspace       used 44977K, capacity 47236K, committed 47704K, reserved 1089536K
  class space    used 5956K, capacity 6914K, committed 7000K, reserved 1048576K
Event: 49.576 GC heap after
Heap after GC invocations=25 (full 5):
 PSYoungGen      total 298496K, used 1664K [0x00000000d5f80000, 0x00000000e9380000, 0x0000000100000000)
  eden space 288768K, 0% used [0x00000000d5f80000,0x00000000d5f80000,0x00000000e7980000)
  from space 9728K, 17% used [0x00000000e8a00000,0x00000000e8ba0000,0x00000000e9380000)
  to   space 13312K, 0% used [0x00000000e7980000,0x00000000e7980000,0x00000000e8680000)
 ParOldGen       total 202752K, used 64902K [0x0000000081e00000, 0x000000008e400000, 0x00000000d5f80000)
  object space 202752K, 32% used [0x0000000081e00000,0x0000000085d61b38,0x000000008e400000)
 Metaspace       used 44977K, capacity 47236K, committed 47704K, reserved 1089536K
  class space    used 5956K, capacity 6914K, committed 7000K, reserved 1048576K
}
Event: 49.609 GC heap before
{Heap before GC invocations=26 (full 5):
 PSYoungGen      total 298496K, used 290432K [0x00000000d5f80000, 0x00000000e9380000, 0x0000000100000000)
  eden space 288768K, 100% used [0x00000000d5f80000,0x00000000e7980000,0x00000000e7980000)
  from space 9728K, 17% used [0x00000000e8a00000,0x00000000e8ba0000,0x00000000e9380000)
  to   space 13312K, 0% used [0x00000000e7980000,0x00000000e7980000,0x00000000e8680000)
 ParOldGen       total 202752K, used 64902K [0x0000000081e00000, 0x000000008e400000, 0x00000000d5f80000)
  object space 202752K, 32% used [0x0000000081e00000,0x0000000085d61b38,0x000000008e400000)
 Metaspace       used 44988K, capacity 47236K, committed 47704K, reserved 1089536K
  class space    used 5956K, capacity 6914K, committed 7000K, reserved 1048576K
Event: 49.611 GC heap after
Heap after GC invocations=26 (full 5):
 PSYoungGen      total 302080K, used 352K [0x00000000d5f80000, 0x00000000e9380000, 0x0000000100000000)
  eden space 288768K, 0% used [0x00000000d5f80000,0x00000000d5f80000,0x00000000e7980000)
  from space 13312K, 2% used [0x00000000e7980000,0x00000000e79d8000,0x00000000e8680000)
  to   space 9728K, 0% used [0x00000000e8a00000,0x00000000e8a00000,0x00000000e9380000)
 ParOldGen       total 202752K, used 65972K [0x0000000081e00000, 0x000000008e400000, 0x00000000d5f80000)
  object space 202752K, 32% used [0x0000000081e00000,0x0000000085e6d348,0x000000008e400000)
 Metaspace       used 44988K, capacity 47236K, committed 47704K, reserved 1089536K
  class space    used 5956K, capacity 6914K, committed 7000K, reserved 1048576K
}

