# JRE version: Java(TM) SE Runtime Environment (8.0_221-b11) (build 1.8.0_221-b11)
# Java VM: Java HotSpot(TM) 64-Bit Server VM (25.221-b11 mixed mode windows-amd64 compressed oops)
Heap:
 PSYoungGen      total 478720K, used 13822K [0x00000000d5f80000, 0x00000000f4080000, 0x0000000100000000)
  eden space 464896K, 0% used [0x00000000d5f80000,0x00000000d5f80000,0x00000000f2580000)
  from space 13824K, 99% used [0x00000000f2580000,0x00000000f32ff8a0,0x00000000f3300000)
  to   space 10240K, 0% used [0x00000000f3680000,0x00000000f3680000,0x00000000f4080000)
 ParOldGen       total 80384K, used 79909K [0x0000000081e00000, 0x0000000086c80000, 0x00000000d5f80000)
  object space 80384K, 99% used [0x0000000081e00000,0x0000000086c096c8,0x0000000086c80000)
 Metaspace       used 43089K, capacity 45362K, committed 45656K, reserved 1087488K
  class space    used 5756K, capacity 6723K, committed 6744K, reserved 1048576K
GC Heap History (10 events):
Event: 18.179 GC heap after
Heap after GC invocations=13 (full 2):
 PSYoungGen      total 318464K, used 3514K [0x00000000d5f80000, 0x00000000f4400000, 0x0000000100000000)
  eden space 304640K, 0% used [0x00000000d5f80000,0x00000000d5f80000,0x00000000e8900000)
  from space 13824K, 25% used [0x00000000e8900000,0x00000000e8c6e9b8,0x00000000e9680000)
  to   space 13824K, 0% used [0x00000000f3680000,0x00000000f3680000,0x00000000f4400000)
 ParOldGen       total 72192K, used 24838K [0x0000000081e00000, 0x0000000086480000, 0x00000000d5f80000)
  object space 72192K, 34% used [0x0000000081e00000,0x0000000083641a58,0x0000000086480000)
 Metaspace       used 37705K, capacity 39968K, committed 40280K, reserved 1083392K
  class space    used 5002K, capacity 5966K, committed 5976K, reserved 1048576K
}
Event: 18.618 GC heap before
{Heap before GC invocations=14 (full 2):
 PSYoungGen      total 318464K, used 308154K [0x00000000d5f80000, 0x00000000f4400000, 0x0000000100000000)
  eden space 304640K, 100% used [0x00000000d5f80000,0x00000000e8900000,0x00000000e8900000)
  from space 13824K, 25% used [0x00000000e8900000,0x00000000e8c6e9b8,0x00000000e9680000)
  to   space 13824K, 0% used [0x00000000f3680000,0x00000000f3680000,0x00000000f4400000)
 ParOldGen       total 72192K, used 24838K [0x0000000081e00000, 0x0000000086480000, 0x00000000d5f80000)
  object space 72192K, 34% used [0x0000000081e00000,0x0000000083641a58,0x0000000086480000)
 Metaspace       used 37848K, capacity 40096K, committed 40280K, reserved 1083392K
  class space    used 5005K, capacity 5966K, committed 5976K, reserved 1048576K
Event: 18.624 GC heap after
Heap after GC invocations=14 (full 2):
 PSYoungGen      total 475136K, used 2911K [0x00000000d5f80000, 0x00000000f4080000, 0x0000000100000000)
  eden space 464896K, 0% used [0x00000000d5f80000,0x00000000d5f80000,0x00000000f2580000)
  from space 10240K, 28% used [0x00000000f3680000,0x00000000f3957d68,0x00000000f4080000)
  to   space 13824K, 0% used [0x00000000f2580000,0x00000000f2580000,0x00000000f3300000)
 ParOldGen       total 72192K, used 27818K [0x0000000081e00000, 0x0000000086480000, 0x00000000d5f80000)
  object space 72192K, 38% used [0x0000000081e00000,0x000000008392a928,0x0000000086480000)
 Metaspace       used 37848K, capacity 40096K, committed 40280K, reserved 1083392K
  class space    used 5005K, capacity 5966K, committed 5976K, reserved 1048576K
}
Event: 18.663 GC heap before
{Heap before GC invocations=15 (full 2):
 PSYoungGen      total 475136K, used 467807K [0x00000000d5f80000, 0x00000000f4080000, 0x0000000100000000)
  eden space 464896K, 100% used [0x00000000d5f80000,0x00000000f2580000,0x00000000f2580000)
  from space 10240K, 28% used [0x00000000f3680000,0x00000000f3957d68,0x00000000f4080000)
  to   space 13824K, 0% used [0x00000000f2580000,0x00000000f2580000,0x00000000f3300000)
 ParOldGen       total 72192K, used 27818K [0x0000000081e00000, 0x0000000086480000, 0x00000000d5f80000)
  object space 72192K, 38% used [0x0000000081e00000,0x000000008392a928,0x0000000086480000)
 Metaspace       used 37852K, capacity 40096K, committed 40280K, reserved 1083392K
  class space    used 5005K, capacity 5966K, committed 5976K, reserved 1048576K
Event: 18.666 GC heap after
Heap after GC invocations=15 (full 2):
 PSYoungGen      total 478720K, used 352K [0x00000000d5f80000, 0x00000000f4080000, 0x0000000100000000)
  eden space 464896K, 0% used [0x00000000d5f80000,0x00000000d5f80000,0x00000000f2580000)
  from space 13824K, 2% used [0x00000000f2580000,0x00000000f25d8000,0x00000000f3300000)
  to   space 10240K, 0% used [0x00000000f3680000,0x00000000f3680000,0x00000000f4080000)
 ParOldGen       total 72192K, used 29386K [0x0000000081e00000, 0x0000000086480000, 0x00000000d5f80000)
  object space 72192K, 40% used [0x0000000081e00000,0x0000000083ab2948,0x0000000086480000)
 Metaspace       used 37852K, capacity 40096K, committed 40280K, reserved 1083392K
  class space    used 5005K, capacity 5966K, committed 5976K, reserved 1048576K
}
Event: 18.697 GC heap before
{Heap before GC invocations=16 (full 2):
 PSYoungGen      total 478720K, used 465248K [0x00000000d5f80000, 0x00000000f4080000, 0x0000000100000000)
  eden space 464896K, 100% used [0x00000000d5f80000,0x00000000f2580000,0x00000000f2580000)
  from space 13824K, 2% used [0x00000000f2580000,0x00000000f25d8000,0x00000000f3300000)
  to   space 10240K, 0% used [0x00000000f3680000,0x00000000f3680000,0x00000000f4080000)
 ParOldGen       total 72192K, used 29386K [0x0000000081e00000, 0x0000000086480000, 0x00000000d5f80000)
  object space 72192K, 40% used [0x0000000081e00000,0x0000000083ab2948,0x0000000086480000)
 Metaspace       used 37852K, capacity 40096K, committed 40280K, reserved 1083392K
  class space    used 5005K, capacity 5966K, committed 5976K, reserved 1048576K
Event: 18.699 GC heap after
Heap after GC invocations=16 (full 2):
 PSYoungGen      total 475136K, used 416K [0x00000000d5f80000, 0x00000000f4080000, 0x0000000100000000)
  eden space 464896K, 0% used [0x00000000d5f80000,0x00000000d5f80000,0x00000000f2580000)
  from space 10240K, 4% used [0x00000000f3680000,0x00000000f36e8000,0x00000000f4080000)
  to   space 13824K, 0% used [0x00000000f2580000,0x00000000f2580000,0x00000000f3300000)
 ParOldGen       total 72192K, used 29402K [0x0000000081e00000, 0x0000000086480000, 0x00000000d5f80000)
  object space 72192K, 40% used [0x0000000081e00000,0x0000000083ab6948,0x0000000086480000)
 Metaspace       used 37852K, capacity 40096K, committed 40280K, reserved 1083392K
  class space    used 5005K, capacity 5966K, committed 5976K, reserved 1048576K
}
Event: 21.022 GC heap before
{Heap before GC invocations=17 (full 2):
 PSYoungGen      total 475136K, used 450481K [0x00000000d5f80000, 0x00000000f4080000, 0x0000000100000000)
  eden space 464896K, 96% used [0x00000000d5f80000,0x00000000f1704738,0x00000000f2580000)
  from space 10240K, 4% used [0x00000000f3680000,0x00000000f36e8000,0x00000000f4080000)
  to   space 13824K, 0% used [0x00000000f2580000,0x00000000f2580000,0x00000000f3300000)
 ParOldGen       total 72192K, used 29402K [0x0000000081e00000, 0x0000000086480000, 0x00000000d5f80000)
  object space 72192K, 40% used [0x0000000081e00000,0x0000000083ab6948,0x0000000086480000)
 Metaspace       used 43089K, capacity 45362K, committed 45656K, reserved 1087488K
  class space    used 5756K, capacity 6723K, committed 6744K, reserved 1048576K
Event: 21.100 GC heap after
Heap after GC invocations=17 (full 2):
 PSYoungGen      total 478720K, used 13822K [0x00000000d5f80000, 0x00000000f4080000, 0x0000000100000000)
  eden space 464896K, 0% used [0x00000000d5f80000,0x00000000d5f80000,0x00000000f2580000)
  from space 13824K, 99% used [0x00000000f2580000,0x00000000f32ff8a0,0x00000000f3300000)
  to   space 10240K, 0% used [0x00000000f3680000,0x00000000f3680000,0x00000000f4080000)
 ParOldGen       total 80384K, used 79909K [0x0000000081e00000, 0x0000000086c80000, 0x00000000d5f80000)
  object space 80384K, 99% used [0x0000000081e00000,0x0000000086c096c8,0x0000000086c80000)
 Metaspace       used 43089K, capacity 45362K, committed 45656K, reserved 1087488K
  class space    used 5756K, capacity 6723K, committed 6744K, reserved 1048576K
}
Event: 21.101 GC heap before
{Heap before GC invocations=18 (full 3):
 PSYoungGen      total 478720K, used 13822K [0x00000000d5f80000, 0x00000000f4080000, 0x0000000100000000)
  eden space 464896K, 0% used [0x00000000d5f80000,0x00000000d5f80000,0x00000000f2580000)
  from space 13824K, 99% used [0x00000000f2580000,0x00000000f32ff8a0,0x00000000f3300000)
  to   space 10240K, 0% used [0x00000000f3680000,0x00000000f3680000,0x00000000f4080000)
 ParOldGen       total 80384K, used 79909K [0x0000000081e00000, 0x0000000086c80000, 0x00000000d5f80000)
  object space 80384K, 99% used [0x0000000081e00000,0x0000000086c096c8,0x0000000086c80000)
 Metaspace       used 43089K, capacity 45362K, committed 45656K, reserved 1087488K
  class space    used 5756K, capacity 6723K, committed 6744K, reserved 1048576K

