# JRE version: Java(TM) SE Runtime Environment (8.0_221-b11) (build 1.8.0_221-b11)
# Java VM: Java HotSpot(TM) 64-Bit Server VM (25.221-b11 mixed mode windows-amd64 compressed oops)
Heap:
 PSYoungGen      total 297472K, used 8371K [0x00000000d5f80000, 0x00000000e9000000, 0x0000000100000000)
  eden space 288256K, 1% used [0x00000000d5f80000,0x00000000d6416478,0x00000000e7900000)
  from space 9216K, 39% used [0x00000000e8700000,0x00000000e8a969b8,0x00000000e9000000)
  to   space 11776K, 0% used [0x00000000e7900000,0x00000000e7900000,0x00000000e8480000)
 ParOldGen       total 62976K, used 22966K [0x0000000081e00000, 0x0000000085b80000, 0x00000000d5f80000)
  object space 62976K, 36% used [0x0000000081e00000,0x000000008346d840,0x0000000085b80000)
 Metaspace       used 39137K, capacity 41436K, committed 41728K, reserved 1085440K
  class space    used 5150K, capacity 6128K, committed 6144K, reserved 1048576K
GC Heap History (10 events):
Event: 22.682 GC heap before
{Heap before GC invocations=15 (full 2):
 PSYoungGen      total 297472K, used 290720K [0x00000000d5f80000, 0x00000000e9000000, 0x0000000100000000)
  eden space 288256K, 100% used [0x00000000d5f80000,0x00000000e7900000,0x00000000e7900000)
  from space 9216K, 26% used [0x00000000e8700000,0x00000000e8968000,0x00000000e9000000)
  to   space 11776K, 0% used [0x00000000e7900000,0x00000000e7900000,0x00000000e8480000)
 ParOldGen       total 62976K, used 16678K [0x0000000081e00000, 0x0000000085b80000, 0x00000000d5f80000)
  object space 62976K, 26% used [0x0000000081e00000,0x0000000082e49830,0x0000000085b80000)
 Metaspace       used 38314K, capacity 40572K, committed 40960K, reserved 1083392K
  class space    used 5060K, capacity 6032K, committed 6144K, reserved 1048576K
Event: 22.687 GC heap after
Heap after GC invocations=15 (full 2):
 PSYoungGen      total 300032K, used 2176K [0x00000000d5f80000, 0x00000000e9000000, 0x0000000100000000)
  eden space 288256K, 0% used [0x00000000d5f80000,0x00000000d5f80000,0x00000000e7900000)
  from space 11776K, 18% used [0x00000000e7900000,0x00000000e7b20000,0x00000000e8480000)
  to   space 9216K, 0% used [0x00000000e8700000,0x00000000e8700000,0x00000000e9000000)
 ParOldGen       total 62976K, used 18398K [0x0000000081e00000, 0x0000000085b80000, 0x00000000d5f80000)
  object space 62976K, 29% used [0x0000000081e00000,0x0000000082ff7840,0x0000000085b80000)
 Metaspace       used 38314K, capacity 40572K, committed 40960K, reserved 1083392K
  class space    used 5060K, capacity 6032K, committed 6144K, reserved 1048576K
}
Event: 22.843 GC heap before
{Heap before GC invocations=16 (full 2):
 PSYoungGen      total 300032K, used 290432K [0x00000000d5f80000, 0x00000000e9000000, 0x0000000100000000)
  eden space 288256K, 100% used [0x00000000d5f80000,0x00000000e7900000,0x00000000e7900000)
  from space 11776K, 18% used [0x00000000e7900000,0x00000000e7b20000,0x00000000e8480000)
  to   space 9216K, 0% used [0x00000000e8700000,0x00000000e8700000,0x00000000e9000000)
 ParOldGen       total 62976K, used 18398K [0x0000000081e00000, 0x0000000085b80000, 0x00000000d5f80000)
  object space 62976K, 29% used [0x0000000081e00000,0x0000000082ff7840,0x0000000085b80000)
 Metaspace       used 38337K, capacity 40572K, committed 40960K, reserved 1083392K
  class space    used 5060K, capacity 6032K, committed 6144K, reserved 1048576K
Event: 22.849 GC heap after
Heap after GC invocations=16 (full 2):
 PSYoungGen      total 297472K, used 1984K [0x00000000d5f80000, 0x00000000e9000000, 0x0000000100000000)
  eden space 288256K, 0% used [0x00000000d5f80000,0x00000000d5f80000,0x00000000e7900000)
  from space 9216K, 21% used [0x00000000e8700000,0x00000000e88f0000,0x00000000e9000000)
  to   space 11776K, 0% used [0x00000000e7900000,0x00000000e7900000,0x00000000e8480000)
 ParOldGen       total 62976K, used 19294K [0x0000000081e00000, 0x0000000085b80000, 0x00000000d5f80000)
  object space 62976K, 30% used [0x0000000081e00000,0x00000000830d7840,0x0000000085b80000)
 Metaspace       used 38337K, capacity 40572K, committed 40960K, reserved 1083392K
  class space    used 5060K, capacity 6032K, committed 6144K, reserved 1048576K
}
Event: 22.962 GC heap before
{Heap before GC invocations=17 (full 2):
 PSYoungGen      total 297472K, used 290240K [0x00000000d5f80000, 0x00000000e9000000, 0x0000000100000000)
  eden space 288256K, 100% used [0x00000000d5f80000,0x00000000e7900000,0x00000000e7900000)
  from space 9216K, 21% used [0x00000000e8700000,0x00000000e88f0000,0x00000000e9000000)
  to   space 11776K, 0% used [0x00000000e7900000,0x00000000e7900000,0x00000000e8480000)
 ParOldGen       total 62976K, used 19294K [0x0000000081e00000, 0x0000000085b80000, 0x00000000d5f80000)
  object space 62976K, 30% used [0x0000000081e00000,0x00000000830d7840,0x0000000085b80000)
 Metaspace       used 38345K, capacity 40572K, committed 40960K, reserved 1083392K
  class space    used 5060K, capacity 6032K, committed 6144K, reserved 1048576K
Event: 22.965 GC heap after
Heap after GC invocations=17 (full 2):
 PSYoungGen      total 300032K, used 2528K [0x00000000d5f80000, 0x00000000e9000000, 0x0000000100000000)
  eden space 288256K, 0% used [0x00000000d5f80000,0x00000000d5f80000,0x00000000e7900000)
  from space 11776K, 21% used [0x00000000e7900000,0x00000000e7b78000,0x00000000e8480000)
  to   space 9216K, 0% used [0x00000000e8700000,0x00000000e8700000,0x00000000e9000000)
 ParOldGen       total 62976K, used 19902K [0x0000000081e00000, 0x0000000085b80000, 0x00000000d5f80000)
  object space 62976K, 31% used [0x0000000081e00000,0x000000008316f840,0x0000000085b80000)
 Metaspace       used 38345K, capacity 40572K, committed 40960K, reserved 1083392K
  class space    used 5060K, capacity 6032K, committed 6144K, reserved 1048576K
}
Event: 23.154 GC heap before
{Heap before GC invocations=18 (full 2):
 PSYoungGen      total 300032K, used 290784K [0x00000000d5f80000, 0x00000000e9000000, 0x0000000100000000)
  eden space 288256K, 100% used [0x00000000d5f80000,0x00000000e7900000,0x00000000e7900000)
  from space 11776K, 21% used [0x00000000e7900000,0x00000000e7b78000,0x00000000e8480000)
  to   space 9216K, 0% used [0x00000000e8700000,0x00000000e8700000,0x00000000e9000000)
 ParOldGen       total 62976K, used 19902K [0x0000000081e00000, 0x0000000085b80000, 0x00000000d5f80000)
  object space 62976K, 31% used [0x0000000081e00000,0x000000008316f840,0x0000000085b80000)
 Metaspace       used 38349K, capacity 40572K, committed 40960K, reserved 1083392K
  class space    used 5060K, capacity 6032K, committed 6144K, reserved 1048576K
Event: 23.160 GC heap after
Heap after GC invocations=18 (full 2):
 PSYoungGen      total 297472K, used 2688K [0x00000000d5f80000, 0x00000000e9000000, 0x0000000100000000)
  eden space 288256K, 0% used [0x00000000d5f80000,0x00000000d5f80000,0x00000000e7900000)
  from space 9216K, 29% used [0x00000000e8700000,0x00000000e89a0000,0x00000000e9000000)
  to   space 11776K, 0% used [0x00000000e7900000,0x00000000e7900000,0x00000000e8480000)
 ParOldGen       total 62976K, used 21014K [0x0000000081e00000, 0x0000000085b80000, 0x00000000d5f80000)
  object space 62976K, 33% used [0x0000000081e00000,0x0000000083285840,0x0000000085b80000)
 Metaspace       used 38349K, capacity 40572K, committed 40960K, reserved 1083392K
  class space    used 5060K, capacity 6032K, committed 6144K, reserved 1048576K
}
Event: 23.262 GC heap before
{Heap before GC invocations=19 (full 2):
 PSYoungGen      total 297472K, used 290944K [0x00000000d5f80000, 0x00000000e9000000, 0x0000000100000000)
  eden space 288256K, 100% used [0x00000000d5f80000,0x00000000e7900000,0x00000000e7900000)
  from space 9216K, 29% used [0x00000000e8700000,0x00000000e89a0000,0x00000000e9000000)
  to   space 11776K, 0% used [0x00000000e7900000,0x00000000e7900000,0x00000000e8480000)
 ParOldGen       total 62976K, used 21014K [0x0000000081e00000, 0x0000000085b80000, 0x00000000d5f80000)
  object space 62976K, 33% used [0x0000000081e00000,0x0000000083285840,0x0000000085b80000)
 Metaspace       used 38349K, capacity 40572K, committed 40960K, reserved 1083392K
  class space    used 5060K, capacity 6032K, committed 6144K, reserved 1048576K
Event: 23.264 GC heap after
Heap after GC invocations=19 (full 2):
 PSYoungGen      total 300032K, used 768K [0x00000000d5f80000, 0x00000000e9000000, 0x0000000100000000)
  eden space 288256K, 0% used [0x00000000d5f80000,0x00000000d5f80000,0x00000000e7900000)
  from space 11776K, 6% used [0x00000000e7900000,0x00000000e79c0000,0x00000000e8480000)
  to   space 9216K, 0% used [0x00000000e8700000,0x00000000e8700000,0x00000000e9000000)
 ParOldGen       total 62976K, used 22590K [0x0000000081e00000, 0x0000000085b80000, 0x00000000d5f80000)
  object space 62976K, 35% used [0x0000000081e00000,0x000000008340f840,0x0000000085b80000)
 Metaspace       used 38349K, capacity 40572K, committed 40960K, reserved 1083392K
  class space    used 5060K, capacity 6032K, committed 6144K, reserved 1048576K
}

