# JRE version: Java(TM) SE Runtime Environment (8.0_221-b11) (build 1.8.0_221-b11)
# Java VM: Java HotSpot(TM) 64-Bit Server VM (25.221-b11 mixed mode windows-amd64 compressed oops)
Heap:
 PSYoungGen      total 69120K, used 39225K [0x00000000d5f80000, 0x00000000da880000, 0x0000000100000000)
  eden space 64000K, 61% used [0x00000000d5f80000,0x00000000d85ce768,0x00000000d9e00000)
  from space 5120K, 0% used [0x00000000da380000,0x00000000da380000,0x00000000da880000)
  to   space 5120K, 0% used [0x00000000d9e80000,0x00000000d9e80000,0x00000000da380000)
 ParOldGen       total 70144K, used 17053K [0x0000000081e00000, 0x0000000086280000, 0x00000000d5f80000)
  object space 70144K, 24% used [0x0000000081e00000,0x0000000082ea7588,0x0000000086280000)
 Metaspace       used 36595K, capacity 38800K, committed 39128K, reserved 1083392K
  class space    used 4901K, capacity 5870K, committed 5888K, reserved 1048576K
GC Heap History (10 events):
Event: 11.146 GC heap before
{Heap before GC invocations=2 (full 0):
 PSYoungGen      total 38400K, used 7271K [0x00000000d5f80000, 0x00000000d8a00000, 0x0000000100000000)
  eden space 33280K, 6% used [0x00000000d5f80000,0x00000000d619ab68,0x00000000d8000000)
  from space 5120K, 99% used [0x00000000d8000000,0x00000000d84ff378,0x00000000d8500000)
  to   space 5120K, 0% used [0x00000000d8500000,0x00000000d8500000,0x00000000d8a00000)
 ParOldGen       total 87552K, used 9148K [0x0000000081e00000, 0x0000000087380000, 0x00000000d5f80000)
  object space 87552K, 10% used [0x0000000081e00000,0x00000000826ef1f8,0x0000000087380000)
 Metaspace       used 20712K, capacity 21082K, committed 21248K, reserved 1067008K
  class space    used 2635K, capacity 2746K, committed 2816K, reserved 1048576K
Event: 11.150 GC heap after
Heap after GC invocations=2 (full 0):
 PSYoungGen      total 38400K, used 4212K [0x00000000d5f80000, 0x00000000daa80000, 0x0000000100000000)
  eden space 33280K, 0% used [0x00000000d5f80000,0x00000000d5f80000,0x00000000d8000000)
  from space 5120K, 82% used [0x00000000d8500000,0x00000000d891d300,0x00000000d8a00000)
  to   space 5120K, 0% used [0x00000000d8000000,0x00000000d8000000,0x00000000d8500000)
 ParOldGen       total 87552K, used 9156K [0x0000000081e00000, 0x0000000087380000, 0x00000000d5f80000)
  object space 87552K, 10% used [0x0000000081e00000,0x00000000826f11f8,0x0000000087380000)
 Metaspace       used 20712K, capacity 21082K, committed 21248K, reserved 1067008K
  class space    used 2635K, capacity 2746K, committed 2816K, reserved 1048576K
}
Event: 11.150 GC heap before
{Heap before GC invocations=3 (full 1):
 PSYoungGen      total 38400K, used 4212K [0x00000000d5f80000, 0x00000000daa80000, 0x0000000100000000)
  eden space 33280K, 0% used [0x00000000d5f80000,0x00000000d5f80000,0x00000000d8000000)
  from space 5120K, 82% used [0x00000000d8500000,0x00000000d891d300,0x00000000d8a00000)
  to   space 5120K, 0% used [0x00000000d8000000,0x00000000d8000000,0x00000000d8500000)
 ParOldGen       total 87552K, used 9156K [0x0000000081e00000, 0x0000000087380000, 0x00000000d5f80000)
  object space 87552K, 10% used [0x0000000081e00000,0x00000000826f11f8,0x0000000087380000)
 Metaspace       used 20712K, capacity 21082K, committed 21248K, reserved 1067008K
  class space    used 2635K, capacity 2746K, committed 2816K, reserved 1048576K
Event: 11.180 GC heap after
Heap after GC invocations=3 (full 1):
 PSYoungGen      total 38400K, used 0K [0x00000000d5f80000, 0x00000000daa80000, 0x0000000100000000)
  eden space 33280K, 0% used [0x00000000d5f80000,0x00000000d5f80000,0x00000000d8000000)
  from space 5120K, 0% used [0x00000000d8500000,0x00000000d8500000,0x00000000d8a00000)
  to   space 5120K, 0% used [0x00000000d8000000,0x00000000d8000000,0x00000000d8500000)
 ParOldGen       total 54272K, used 7362K [0x0000000081e00000, 0x0000000085300000, 0x00000000d5f80000)
  object space 54272K, 13% used [0x0000000081e00000,0x0000000082530ad8,0x0000000085300000)
 Metaspace       used 20712K, capacity 21082K, committed 21248K, reserved 1067008K
  class space    used 2635K, capacity 2746K, committed 2816K, reserved 1048576K
}
Event: 13.861 GC heap before
{Heap before GC invocations=4 (full 1):
 PSYoungGen      total 38400K, used 33280K [0x00000000d5f80000, 0x00000000daa80000, 0x0000000100000000)
  eden space 33280K, 100% used [0x00000000d5f80000,0x00000000d8000000,0x00000000d8000000)
  from space 5120K, 0% used [0x00000000d8500000,0x00000000d8500000,0x00000000d8a00000)
  to   space 5120K, 0% used [0x00000000d8000000,0x00000000d8000000,0x00000000d8500000)
 ParOldGen       total 54272K, used 7362K [0x0000000081e00000, 0x0000000085300000, 0x00000000d5f80000)
  object space 54272K, 13% used [0x0000000081e00000,0x0000000082530ad8,0x0000000085300000)
 Metaspace       used 29046K, capacity 31008K, committed 31104K, reserved 1075200K
  class space    used 3795K, capacity 4710K, committed 4736K, reserved 1048576K
Event: 13.866 GC heap after
Heap after GC invocations=4 (full 1):
 PSYoungGen      total 38400K, used 5110K [0x00000000d5f80000, 0x00000000da880000, 0x0000000100000000)
  eden space 33280K, 0% used [0x00000000d5f80000,0x00000000d5f80000,0x00000000d8000000)
  from space 5120K, 99% used [0x00000000d8000000,0x00000000d84fd9e0,0x00000000d8500000)
  to   space 5120K, 0% used [0x00000000da380000,0x00000000da380000,0x00000000da880000)
 ParOldGen       total 54272K, used 10126K [0x0000000081e00000, 0x0000000085300000, 0x00000000d5f80000)
  object space 54272K, 18% used [0x0000000081e00000,0x00000000827e3ba8,0x0000000085300000)
 Metaspace       used 29046K, capacity 31008K, committed 31104K, reserved 1075200K
  class space    used 3795K, capacity 4710K, committed 4736K, reserved 1048576K
}
Event: 15.906 GC heap before
{Heap before GC invocations=5 (full 1):
 PSYoungGen      total 38400K, used 37889K [0x00000000d5f80000, 0x00000000da880000, 0x0000000100000000)
  eden space 33280K, 98% used [0x00000000d5f80000,0x00000000d7f82b38,0x00000000d8000000)
  from space 5120K, 99% used [0x00000000d8000000,0x00000000d84fd9e0,0x00000000d8500000)
  to   space 5120K, 0% used [0x00000000da380000,0x00000000da380000,0x00000000da880000)
 ParOldGen       total 54272K, used 10126K [0x0000000081e00000, 0x0000000085300000, 0x00000000d5f80000)
  object space 54272K, 18% used [0x0000000081e00000,0x00000000827e3ba8,0x0000000085300000)
 Metaspace       used 33186K, capacity 35268K, committed 35416K, reserved 1079296K
  class space    used 4440K, capacity 5420K, committed 5504K, reserved 1048576K
Event: 15.915 GC heap after
Heap after GC invocations=5 (full 1):
 PSYoungGen      total 69120K, used 5091K [0x00000000d5f80000, 0x00000000da880000, 0x0000000100000000)
  eden space 64000K, 0% used [0x00000000d5f80000,0x00000000d5f80000,0x00000000d9e00000)
  from space 5120K, 99% used [0x00000000da380000,0x00000000da878f08,0x00000000da880000)
  to   space 5120K, 0% used [0x00000000d9e80000,0x00000000d9e80000,0x00000000da380000)
 ParOldGen       total 54272K, used 16167K [0x0000000081e00000, 0x0000000085300000, 0x00000000d5f80000)
  object space 54272K, 29% used [0x0000000081e00000,0x0000000082dc9f18,0x0000000085300000)
 Metaspace       used 33186K, capacity 35268K, committed 35416K, reserved 1079296K
  class space    used 4440K, capacity 5420K, committed 5504K, reserved 1048576K
}
Event: 15.915 GC heap before
{Heap before GC invocations=6 (full 2):
 PSYoungGen      total 69120K, used 5091K [0x00000000d5f80000, 0x00000000da880000, 0x0000000100000000)
  eden space 64000K, 0% used [0x00000000d5f80000,0x00000000d5f80000,0x00000000d9e00000)
  from space 5120K, 99% used [0x00000000da380000,0x00000000da878f08,0x00000000da880000)
  to   space 5120K, 0% used [0x00000000d9e80000,0x00000000d9e80000,0x00000000da380000)
 ParOldGen       total 54272K, used 16167K [0x0000000081e00000, 0x0000000085300000, 0x00000000d5f80000)
  object space 54272K, 29% used [0x0000000081e00000,0x0000000082dc9f18,0x0000000085300000)
 Metaspace       used 33186K, capacity 35268K, committed 35416K, reserved 1079296K
  class space    used 4440K, capacity 5420K, committed 5504K, reserved 1048576K
Event: 15.971 GC heap after
Heap after GC invocations=6 (full 2):
 PSYoungGen      total 69120K, used 0K [0x00000000d5f80000, 0x00000000da880000, 0x0000000100000000)
  eden space 64000K, 0% used [0x00000000d5f80000,0x00000000d5f80000,0x00000000d9e00000)
  from space 5120K, 0% used [0x00000000da380000,0x00000000da380000,0x00000000da880000)
  to   space 5120K, 0% used [0x00000000d9e80000,0x00000000d9e80000,0x00000000da380000)
 ParOldGen       total 70144K, used 17053K [0x0000000081e00000, 0x0000000086280000, 0x00000000d5f80000)
  object space 70144K, 24% used [0x0000000081e00000,0x0000000082ea7588,0x0000000086280000)
 Metaspace       used 33186K, capacity 35268K, committed 35416K, reserved 1079296K
  class space    used 4440K, capacity 5420K, committed 5504K, reserved 1048576K
}

